{"/Users/Jacky/Documents/Code/string_class/spec/string_test.js":{"path":"/Users/Jacky/Documents/Code/string_class/spec/string_test.js","s":{"1":1,"2":0,"3":0,"4":0,"5":0,"6":0,"7":0,"8":0,"9":0,"10":0,"11":0,"12":0,"13":0,"14":0,"15":0,"16":0,"17":0,"18":0,"19":0,"20":0,"21":0,"22":0,"23":0,"24":0,"25":0,"26":0,"27":0,"28":0,"29":0,"30":0,"31":0,"32":0,"33":0,"34":0,"35":0,"36":0,"37":0,"38":0,"39":0,"40":0,"41":0,"42":0,"43":0,"44":0,"45":0,"46":0,"47":0,"48":0,"49":0,"50":0,"51":0,"52":0,"53":0,"54":0,"55":0,"56":0,"57":0,"58":0,"59":0,"60":0,"61":0,"62":0,"63":0,"64":0,"65":0,"66":0},"b":{},"f":{"1":0,"2":0,"3":0,"4":0,"5":0,"6":0,"7":0,"8":0,"9":0,"10":0,"11":0,"12":0,"13":0,"14":0,"15":0,"16":0,"17":0,"18":0,"19":0,"20":0,"21":0,"22":0,"23":0,"24":0},"fnMap":{"1":{"name":"(anonymous_1)","line":1,"loc":{"start":{"line":1,"column":35},"end":{"line":1,"column":46}}},"2":{"name":"(anonymous_2)","line":3,"loc":{"start":{"line":3,"column":26},"end":{"line":3,"column":37}}},"3":{"name":"(anonymous_3)","line":4,"loc":{"start":{"line":4,"column":40},"end":{"line":4,"column":51}}},"4":{"name":"(anonymous_4)","line":9,"loc":{"start":{"line":9,"column":55},"end":{"line":9,"column":66}}},"5":{"name":"(anonymous_5)","line":15,"loc":{"start":{"line":15,"column":64},"end":{"line":15,"column":75}}},"6":{"name":"(anonymous_6)","line":23,"loc":{"start":{"line":23,"column":31},"end":{"line":23,"column":42}}},"7":{"name":"(anonymous_7)","line":24,"loc":{"start":{"line":24,"column":48},"end":{"line":24,"column":59}}},"8":{"name":"(anonymous_8)","line":32,"loc":{"start":{"line":32,"column":31},"end":{"line":32,"column":42}}},"9":{"name":"(anonymous_9)","line":33,"loc":{"start":{"line":33,"column":46},"end":{"line":33,"column":57}}},"10":{"name":"(anonymous_10)","line":41,"loc":{"start":{"line":41,"column":36},"end":{"line":41,"column":47}}},"11":{"name":"(anonymous_11)","line":42,"loc":{"start":{"line":42,"column":71},"end":{"line":42,"column":82}}},"12":{"name":"(anonymous_12)","line":50,"loc":{"start":{"line":50,"column":46},"end":{"line":50,"column":57}}},"13":{"name":"(anonymous_13)","line":51,"loc":{"start":{"line":51,"column":74},"end":{"line":51,"column":85}}},"14":{"name":"(anonymous_14)","line":57,"loc":{"start":{"line":57,"column":30},"end":{"line":57,"column":41}}},"15":{"name":"(anonymous_15)","line":58,"loc":{"start":{"line":58,"column":70},"end":{"line":58,"column":81}}},"16":{"name":"(anonymous_16)","line":64,"loc":{"start":{"line":64,"column":75},"end":{"line":64,"column":86}}},"17":{"name":"(anonymous_17)","line":71,"loc":{"start":{"line":71,"column":30},"end":{"line":71,"column":41}}},"18":{"name":"(anonymous_18)","line":72,"loc":{"start":{"line":72,"column":58},"end":{"line":72,"column":69}}},"19":{"name":"(anonymous_19)","line":81,"loc":{"start":{"line":81,"column":35},"end":{"line":81,"column":46}}},"20":{"name":"(anonymous_20)","line":82,"loc":{"start":{"line":82,"column":58},"end":{"line":82,"column":69}}},"21":{"name":"(anonymous_21)","line":89,"loc":{"start":{"line":89,"column":38},"end":{"line":89,"column":49}}},"22":{"name":"(anonymous_22)","line":90,"loc":{"start":{"line":90,"column":58},"end":{"line":90,"column":69}}},"23":{"name":"(anonymous_23)","line":97,"loc":{"start":{"line":97,"column":38},"end":{"line":97,"column":49}}},"24":{"name":"(anonymous_24)","line":98,"loc":{"start":{"line":98,"column":73},"end":{"line":98,"column":84}}}},"statementMap":{"1":{"start":{"line":1,"column":0},"end":{"line":103,"column":3}},"2":{"start":{"line":3,"column":2},"end":{"line":21,"column":5}},"3":{"start":{"line":4,"column":4},"end":{"line":7,"column":7}},"4":{"start":{"line":5,"column":6},"end":{"line":5,"column":42}},"5":{"start":{"line":6,"column":6},"end":{"line":6,"column":45}},"6":{"start":{"line":9,"column":4},"end":{"line":13,"column":7}},"7":{"start":{"line":10,"column":6},"end":{"line":10,"column":47}},"8":{"start":{"line":11,"column":6},"end":{"line":11,"column":47}},"9":{"start":{"line":12,"column":6},"end":{"line":12,"column":47}},"10":{"start":{"line":15,"column":4},"end":{"line":20,"column":7}},"11":{"start":{"line":16,"column":6},"end":{"line":16,"column":45}},"12":{"start":{"line":17,"column":6},"end":{"line":17,"column":45}},"13":{"start":{"line":18,"column":6},"end":{"line":18,"column":45}},"14":{"start":{"line":19,"column":6},"end":{"line":19,"column":46}},"15":{"start":{"line":23,"column":2},"end":{"line":30,"column":5}},"16":{"start":{"line":24,"column":4},"end":{"line":29,"column":7}},"17":{"start":{"line":25,"column":6},"end":{"line":25,"column":46}},"18":{"start":{"line":26,"column":6},"end":{"line":26,"column":42}},"19":{"start":{"line":27,"column":6},"end":{"line":27,"column":48}},"20":{"start":{"line":28,"column":6},"end":{"line":28,"column":48}},"21":{"start":{"line":32,"column":2},"end":{"line":39,"column":5}},"22":{"start":{"line":33,"column":4},"end":{"line":38,"column":7}},"23":{"start":{"line":34,"column":6},"end":{"line":34,"column":46}},"24":{"start":{"line":35,"column":6},"end":{"line":35,"column":42}},"25":{"start":{"line":36,"column":6},"end":{"line":36,"column":48}},"26":{"start":{"line":37,"column":6},"end":{"line":37,"column":48}},"27":{"start":{"line":41,"column":2},"end":{"line":48,"column":5}},"28":{"start":{"line":42,"column":4},"end":{"line":47,"column":7}},"29":{"start":{"line":43,"column":6},"end":{"line":43,"column":46}},"30":{"start":{"line":44,"column":6},"end":{"line":44,"column":58}},"31":{"start":{"line":45,"column":6},"end":{"line":45,"column":58}},"32":{"start":{"line":46,"column":6},"end":{"line":46,"column":52}},"33":{"start":{"line":50,"column":2},"end":{"line":55,"column":5}},"34":{"start":{"line":51,"column":4},"end":{"line":54,"column":7}},"35":{"start":{"line":52,"column":6},"end":{"line":52,"column":56}},"36":{"start":{"line":53,"column":6},"end":{"line":53,"column":80}},"37":{"start":{"line":57,"column":2},"end":{"line":69,"column":5}},"38":{"start":{"line":58,"column":4},"end":{"line":62,"column":7}},"39":{"start":{"line":59,"column":6},"end":{"line":59,"column":49}},"40":{"start":{"line":60,"column":6},"end":{"line":60,"column":69}},"41":{"start":{"line":61,"column":6},"end":{"line":61,"column":50}},"42":{"start":{"line":64,"column":4},"end":{"line":68,"column":7}},"43":{"start":{"line":65,"column":6},"end":{"line":65,"column":47}},"44":{"start":{"line":66,"column":6},"end":{"line":66,"column":48}},"45":{"start":{"line":67,"column":6},"end":{"line":67,"column":51}},"46":{"start":{"line":71,"column":2},"end":{"line":79,"column":5}},"47":{"start":{"line":72,"column":4},"end":{"line":78,"column":7}},"48":{"start":{"line":73,"column":6},"end":{"line":73,"column":58}},"49":{"start":{"line":74,"column":6},"end":{"line":74,"column":47}},"50":{"start":{"line":75,"column":6},"end":{"line":75,"column":56}},"51":{"start":{"line":76,"column":6},"end":{"line":76,"column":128}},"52":{"start":{"line":77,"column":6},"end":{"line":77,"column":53}},"53":{"start":{"line":81,"column":2},"end":{"line":87,"column":5}},"54":{"start":{"line":82,"column":4},"end":{"line":86,"column":7}},"55":{"start":{"line":83,"column":6},"end":{"line":83,"column":48}},"56":{"start":{"line":84,"column":6},"end":{"line":84,"column":42}},"57":{"start":{"line":85,"column":6},"end":{"line":85,"column":68}},"58":{"start":{"line":89,"column":2},"end":{"line":95,"column":5}},"59":{"start":{"line":90,"column":4},"end":{"line":94,"column":7}},"60":{"start":{"line":91,"column":6},"end":{"line":91,"column":48}},"61":{"start":{"line":92,"column":6},"end":{"line":92,"column":53}},"62":{"start":{"line":93,"column":6},"end":{"line":93,"column":68}},"63":{"start":{"line":97,"column":2},"end":{"line":102,"column":5}},"64":{"start":{"line":98,"column":4},"end":{"line":101,"column":7}},"65":{"start":{"line":99,"column":6},"end":{"line":99,"column":50}},"66":{"start":{"line":100,"column":6},"end":{"line":100,"column":68}}},"branchMap":{}}}