TN:
SF:/Users/Jacky/Documents/Code/string_class/spec/string_test.js
FN:1,(anonymous_1)
FN:3,(anonymous_2)
FN:4,(anonymous_3)
FN:9,(anonymous_4)
FN:15,(anonymous_5)
FN:23,(anonymous_6)
FN:24,(anonymous_7)
FN:32,(anonymous_8)
FN:33,(anonymous_9)
FN:41,(anonymous_10)
FN:42,(anonymous_11)
FN:50,(anonymous_12)
FN:51,(anonymous_13)
FN:57,(anonymous_14)
FN:58,(anonymous_15)
FN:64,(anonymous_16)
FN:71,(anonymous_17)
FN:72,(anonymous_18)
FN:81,(anonymous_19)
FN:82,(anonymous_20)
FN:89,(anonymous_21)
FN:90,(anonymous_22)
FN:97,(anonymous_23)
FN:98,(anonymous_24)
FNF:24
FNH:0
FNDA:0,(anonymous_1)
FNDA:0,(anonymous_2)
FNDA:0,(anonymous_3)
FNDA:0,(anonymous_4)
FNDA:0,(anonymous_5)
FNDA:0,(anonymous_6)
FNDA:0,(anonymous_7)
FNDA:0,(anonymous_8)
FNDA:0,(anonymous_9)
FNDA:0,(anonymous_10)
FNDA:0,(anonymous_11)
FNDA:0,(anonymous_12)
FNDA:0,(anonymous_13)
FNDA:0,(anonymous_14)
FNDA:0,(anonymous_15)
FNDA:0,(anonymous_16)
FNDA:0,(anonymous_17)
FNDA:0,(anonymous_18)
FNDA:0,(anonymous_19)
FNDA:0,(anonymous_20)
FNDA:0,(anonymous_21)
FNDA:0,(anonymous_22)
FNDA:0,(anonymous_23)
FNDA:0,(anonymous_24)
DA:1,1
DA:3,0
DA:4,0
DA:5,0
DA:6,0
DA:9,0
DA:10,0
DA:11,0
DA:12,0
DA:15,0
DA:16,0
DA:17,0
DA:18,0
DA:19,0
DA:23,0
DA:24,0
DA:25,0
DA:26,0
DA:27,0
DA:28,0
DA:32,0
DA:33,0
DA:34,0
DA:35,0
DA:36,0
DA:37,0
DA:41,0
DA:42,0
DA:43,0
DA:44,0
DA:45,0
DA:46,0
DA:50,0
DA:51,0
DA:52,0
DA:53,0
DA:57,0
DA:58,0
DA:59,0
DA:60,0
DA:61,0
DA:64,0
DA:65,0
DA:66,0
DA:67,0
DA:71,0
DA:72,0
DA:73,0
DA:74,0
DA:75,0
DA:76,0
DA:77,0
DA:81,0
DA:82,0
DA:83,0
DA:84,0
DA:85,0
DA:89,0
DA:90,0
DA:91,0
DA:92,0
DA:93,0
DA:97,0
DA:98,0
DA:99,0
DA:100,0
LF:66
LH:1
BRF:0
BRH:0
end_of_record
